{"level":"\u001b[32minfo\u001b[39m","message":"{\"method\":\"GET\",\"url\":\"/auth/loggedInUser\",\"status\":\"304\",\"responseTime\":\"190.217\"}","timestamp":"2025-10-06T11:11:15.533Z"}
{"level":"\u001b[32minfo\u001b[39m","message":"{\"method\":\"GET\",\"url\":\"/auth/loggedInUser\",\"status\":\"304\",\"responseTime\":\"81.117\"}","timestamp":"2025-10-06T11:11:15.623Z"}
{"level":"\u001b[32minfo\u001b[39m","message":"{\"method\":\"GET\",\"url\":\"/feed\",\"status\":\"304\",\"responseTime\":\"276.284\"}","timestamp":"2025-10-06T11:11:15.906Z"}
{"level":"\u001b[32minfo\u001b[39m","message":"{\"method\":\"GET\",\"url\":\"/feed\",\"status\":\"304\",\"responseTime\":\"271.447\"}","timestamp":"2025-10-06T11:11:16.181Z"}
{"level":"\u001b[32minfo\u001b[39m","message":"{\"method\":\"GET\",\"url\":\"/user/requests/received\",\"status\":\"304\",\"responseTime\":\"163.192\"}","timestamp":"2025-10-06T11:12:26.442Z"}
{"level":"\u001b[32minfo\u001b[39m","message":"{\"method\":\"GET\",\"url\":\"/user/requests/received\",\"status\":\"304\",\"responseTime\":\"125.867\"}","timestamp":"2025-10-06T11:12:26.576Z"}
{"level":"\u001b[32minfo\u001b[39m","message":"{\"method\":\"GET\",\"url\":\"/chats\",\"status\":\"200\",\"responseTime\":\"210.416\"}","timestamp":"2025-10-06T11:12:41.545Z"}
{"level":"\u001b[32minfo\u001b[39m","message":"{\"method\":\"GET\",\"url\":\"/connectionsWithoutChat\",\"status\":\"304\",\"responseTime\":\"285.334\"}","timestamp":"2025-10-06T11:12:41.613Z"}
{"level":"\u001b[32minfo\u001b[39m","message":"{\"method\":\"GET\",\"url\":\"/chats\",\"status\":\"304\",\"responseTime\":\"217.594\"}","timestamp":"2025-10-06T11:12:41.974Z"}
{"level":"\u001b[32minfo\u001b[39m","message":"{\"method\":\"GET\",\"url\":\"/connectionsWithoutChat\",\"status\":\"304\",\"responseTime\":\"252.427\"}","timestamp":"2025-10-06T11:12:42.027Z"}
{"level":"\u001b[32minfo\u001b[39m","message":"{\"method\":\"GET\",\"url\":\"/connectionsWithoutChat\",\"status\":\"304\",\"responseTime\":\"250.545\"}","timestamp":"2025-10-06T11:12:42.315Z"}
{"level":"\u001b[32minfo\u001b[39m","message":"{\"method\":\"GET\",\"url\":\"/connectionsWithoutChat\",\"status\":\"304\",\"responseTime\":\"249.333\"}","timestamp":"2025-10-06T11:12:42.571Z"}
{"level":"\u001b[32minfo\u001b[39m","message":"{\"method\":\"GET\",\"url\":\"/feed\",\"status\":\"304\",\"responseTime\":\"294.546\"}","timestamp":"2025-10-06T12:21:24.780Z"}
{"level":"\u001b[32minfo\u001b[39m","message":"{\"method\":\"GET\",\"url\":\"/feed\",\"status\":\"304\",\"responseTime\":\"262.722\"}","timestamp":"2025-10-06T12:21:25.054Z"}
{"level":"\u001b[32minfo\u001b[39m","message":"{\"method\":\"GET\",\"url\":\"/user/requests/received\",\"status\":\"304\",\"responseTime\":\"192.679\"}","timestamp":"2025-10-06T12:55:29.276Z"}
{"level":"\u001b[32minfo\u001b[39m","message":"{\"method\":\"GET\",\"url\":\"/user/requests/received\",\"status\":\"304\",\"responseTime\":\"119.881\"}","timestamp":"2025-10-06T12:55:29.401Z"}
{"level":"\u001b[32minfo\u001b[39m","message":"{\"method\":\"GET\",\"url\":\"/chats\",\"status\":\"304\",\"responseTime\":\"1207.679\"}","timestamp":"2025-10-06T12:55:30.903Z"}
{"level":"\u001b[32minfo\u001b[39m","message":"{\"method\":\"GET\",\"url\":\"/connectionsWithoutChat\",\"status\":\"304\",\"responseTime\":\"1267.780\"}","timestamp":"2025-10-06T12:55:30.958Z"}
{"level":"\u001b[32minfo\u001b[39m","message":"{\"method\":\"GET\",\"url\":\"/profile/view/68938bbccb8a6037ac7c1495\",\"status\":\"304\",\"responseTime\":\"147.453\"}","timestamp":"2025-10-06T12:55:31.014Z"}
{"level":"\u001b[32minfo\u001b[39m","message":"{\"method\":\"GET\",\"url\":\"/chats\",\"status\":\"304\",\"responseTime\":\"190.283\"}","timestamp":"2025-10-06T12:55:31.100Z"}
{"level":"\u001b[32minfo\u001b[39m","message":"{\"method\":\"GET\",\"url\":\"/profile/view/68938bbccb8a6037ac7c1495\",\"status\":\"304\",\"responseTime\":\"122.234\"}","timestamp":"2025-10-06T12:55:31.138Z"}
{"level":"\u001b[32minfo\u001b[39m","message":"{\"method\":\"GET\",\"url\":\"/connectionsWithoutChat\",\"status\":\"304\",\"responseTime\":\"647.459\"}","timestamp":"2025-10-06T12:55:31.608Z"}
{"level":"\u001b[32minfo\u001b[39m","message":"{\"method\":\"POST\",\"url\":\"/logout\",\"status\":\"200\",\"responseTime\":\"39.476\"}","timestamp":"2025-10-06T12:55:32.942Z"}
{"level":"\u001b[32minfo\u001b[39m","message":"{\"method\":\"GET\",\"url\":\"/auth/loggedInUser\",\"status\":\"304\",\"responseTime\":\"87.995\"}","timestamp":"2025-10-06T12:55:33.038Z"}
{"level":"\u001b[32minfo\u001b[39m","message":"{\"method\":\"GET\",\"url\":\"/feed\",\"status\":\"401\",\"responseTime\":\"1.311\"}","timestamp":"2025-10-06T12:55:33.132Z"}
{"level":"\u001b[32minfo\u001b[39m","message":"{\"method\":\"GET\",\"url\":\"/feed\",\"status\":\"401\",\"responseTime\":\"1.673\"}","timestamp":"2025-10-06T12:55:33.139Z"}
{"level":"\u001b[32minfo\u001b[39m","message":"{\"method\":\"POST\",\"url\":\"/logout\",\"status\":\"200\",\"responseTime\":\"1.857\"}","timestamp":"2025-10-06T12:55:35.257Z"}
{"level":"\u001b[32minfo\u001b[39m","message":"{\"method\":\"GET\",\"url\":\"/auth/loggedInUser\",\"status\":\"401\",\"responseTime\":\"1.231\"}","timestamp":"2025-10-06T12:55:35.289Z"}
{"level":"\u001b[32minfo\u001b[39m","message":"{\"method\":\"GET\",\"url\":\"/feed\",\"status\":\"401\",\"responseTime\":\"3.043\"}","timestamp":"2025-10-07T03:07:02.495Z"}
{"level":"\u001b[32minfo\u001b[39m","message":"{\"method\":\"GET\",\"url\":\"/feed\",\"status\":\"401\",\"responseTime\":\"2.358\"}","timestamp":"2025-10-07T03:07:04.555Z"}
{"level":"\u001b[32minfo\u001b[39m","message":"{\"method\":\"GET\",\"url\":\"/auth/loggedInUser\",\"status\":\"401\",\"responseTime\":\"1.659\"}","timestamp":"2025-10-07T03:07:10.359Z"}
{"level":"\u001b[32minfo\u001b[39m","message":"{\"method\":\"GET\",\"url\":\"/auth/loggedInUser\",\"status\":\"401\",\"responseTime\":\"1.133\"}","timestamp":"2025-10-07T03:07:10.368Z"}
{"level":"\u001b[32minfo\u001b[39m","message":"{\"method\":\"OPTIONS\",\"url\":\"/signin\",\"status\":\"204\",\"responseTime\":\"8.148\"}","timestamp":"2025-10-07T03:08:56.698Z"}
{"level":"\u001b[32minfo\u001b[39m","message":"{\"method\":\"POST\",\"url\":\"/signin\",\"status\":\"200\",\"responseTime\":\"1013.691\"}","timestamp":"2025-10-07T03:08:57.722Z"}
{"level":"\u001b[32minfo\u001b[39m","message":"{\"method\":\"GET\",\"url\":\"/feed\",\"status\":\"304\",\"responseTime\":\"375.708\"}","timestamp":"2025-10-07T03:08:58.112Z"}
{"level":"\u001b[32minfo\u001b[39m","message":"{\"method\":\"GET\",\"url\":\"/feed\",\"status\":\"304\",\"responseTime\":\"253.523\"}","timestamp":"2025-10-07T03:08:58.374Z"}
{"level":"\u001b[32minfo\u001b[39m","message":"{\"method\":\"GET\",\"url\":\"/feed\",\"status\":\"304\",\"responseTime\":\"258.699\"}","timestamp":"2025-10-07T03:08:58.838Z"}
{"level":"\u001b[32minfo\u001b[39m","message":"{\"method\":\"GET\",\"url\":\"/user/requests/received\",\"status\":\"304\",\"responseTime\":\"127.757\"}","timestamp":"2025-10-07T03:09:15.732Z"}
{"level":"\u001b[32minfo\u001b[39m","message":"{\"method\":\"GET\",\"url\":\"/user/requests/received\",\"status\":\"304\",\"responseTime\":\"131.643\"}","timestamp":"2025-10-07T03:09:15.867Z"}
{"level":"\u001b[32minfo\u001b[39m","message":"{\"method\":\"GET\",\"url\":\"/chats\",\"status\":\"304\",\"responseTime\":\"235.677\"}","timestamp":"2025-10-07T03:09:17.127Z"}
{"level":"\u001b[32minfo\u001b[39m","message":"{\"method\":\"GET\",\"url\":\"/chats\",\"status\":\"304\",\"responseTime\":\"254.590\"}","timestamp":"2025-10-07T03:09:17.387Z"}
{"level":"\u001b[32minfo\u001b[39m","message":"{\"method\":\"GET\",\"url\":\"/connectionsWithoutChat\",\"status\":\"304\",\"responseTime\":\"827.405\"}","timestamp":"2025-10-07T03:09:17.713Z"}
{"level":"\u001b[32minfo\u001b[39m","message":"{\"method\":\"GET\",\"url\":\"/connectionsWithoutChat\",\"status\":\"304\",\"responseTime\":\"267.470\"}","timestamp":"2025-10-07T03:09:17.988Z"}
{"level":"\u001b[32minfo\u001b[39m","message":"{\"method\":\"GET\",\"url\":\"/connectionsWithoutChat\",\"status\":\"304\",\"responseTime\":\"264.345\"}","timestamp":"2025-10-07T03:09:18.259Z"}
{"level":"\u001b[32minfo\u001b[39m","message":"{\"method\":\"GET\",\"url\":\"/connectionsWithoutChat\",\"status\":\"304\",\"responseTime\":\"261.373\"}","timestamp":"2025-10-07T03:09:18.524Z"}
{"level":"\u001b[32minfo\u001b[39m","message":"{\"method\":\"GET\",\"url\":\"/profile/view/68938bbccb8a6037ac7c1495\",\"status\":\"304\",\"responseTime\":\"131.222\"}","timestamp":"2025-10-07T03:09:18.595Z"}
{"level":"\u001b[32minfo\u001b[39m","message":"{\"method\":\"GET\",\"url\":\"/profile/view/68938bbccb8a6037ac7c1495\",\"status\":\"304\",\"responseTime\":\"126.090\"}","timestamp":"2025-10-07T03:09:18.725Z"}
{"level":"\u001b[32minfo\u001b[39m","message":"{\"method\":\"GET\",\"url\":\"/feed\",\"status\":\"304\",\"responseTime\":\"250.901\"}","timestamp":"2025-10-07T03:09:21.335Z"}
{"level":"\u001b[32minfo\u001b[39m","message":"{\"method\":\"GET\",\"url\":\"/feed\",\"status\":\"304\",\"responseTime\":\"273.204\"}","timestamp":"2025-10-07T03:09:21.614Z"}
{"level":"\u001b[32minfo\u001b[39m","message":"{\"method\":\"POST\",\"url\":\"/logout\",\"status\":\"200\",\"responseTime\":\"26.785\"}","timestamp":"2025-10-07T05:28:17.489Z"}
{"level":"\u001b[32minfo\u001b[39m","message":"{\"method\":\"GET\",\"url\":\"/auth/loggedInUser\",\"status\":\"304\",\"responseTime\":\"193.569\"}","timestamp":"2025-10-07T05:28:17.698Z"}
{"level":"\u001b[32minfo\u001b[39m","message":"{\"method\":\"GET\",\"url\":\"/feed\",\"status\":\"401\",\"responseTime\":\"4.628\"}","timestamp":"2025-10-07T05:28:17.764Z"}
{"level":"\u001b[32minfo\u001b[39m","message":"{\"method\":\"GET\",\"url\":\"/feed\",\"status\":\"401\",\"responseTime\":\"2.363\"}","timestamp":"2025-10-07T05:28:17.777Z"}
{"level":"\u001b[32minfo\u001b[39m","message":"{\"method\":\"POST\",\"url\":\"/logout\",\"status\":\"200\",\"responseTime\":\"3.710\"}","timestamp":"2025-10-07T05:28:20.053Z"}
{"level":"\u001b[32minfo\u001b[39m","message":"{\"method\":\"GET\",\"url\":\"/auth/loggedInUser\",\"status\":\"401\",\"responseTime\":\"2.086\"}","timestamp":"2025-10-07T05:28:20.239Z"}
{"level":"\u001b[32minfo\u001b[39m","message":"{\"method\":\"OPTIONS\",\"url\":\"/signin\",\"status\":\"204\",\"responseTime\":\"2.577\"}","timestamp":"2025-10-07T05:28:23.798Z"}
{"level":"\u001b[32minfo\u001b[39m","message":"{\"method\":\"POST\",\"url\":\"/signin\",\"status\":\"200\",\"responseTime\":\"694.323\"}","timestamp":"2025-10-07T05:28:24.506Z"}
{"level":"\u001b[32minfo\u001b[39m","message":"{\"method\":\"GET\",\"url\":\"/feed\",\"status\":\"304\",\"responseTime\":\"616.897\"}","timestamp":"2025-10-07T05:28:25.135Z"}
{"level":"\u001b[32minfo\u001b[39m","message":"{\"method\":\"GET\",\"url\":\"/feed\",\"status\":\"304\",\"responseTime\":\"392.793\"}","timestamp":"2025-10-07T05:28:25.533Z"}
{"level":"\u001b[32minfo\u001b[39m","message":"{\"method\":\"GET\",\"url\":\"/feed\",\"status\":\"304\",\"responseTime\":\"285.032\"}","timestamp":"2025-10-07T05:28:25.827Z"}
{"level":"\u001b[32minfo\u001b[39m","message":"{\"method\":\"GET\",\"url\":\"/user/requests/received\",\"status\":\"304\",\"responseTime\":\"132.565\"}","timestamp":"2025-10-07T05:28:29.309Z"}
{"level":"\u001b[32minfo\u001b[39m","message":"{\"method\":\"GET\",\"url\":\"/user/requests/received\",\"status\":\"304\",\"responseTime\":\"183.586\"}","timestamp":"2025-10-07T05:28:29.499Z"}
{"level":"\u001b[32minfo\u001b[39m","message":"{\"method\":\"GET\",\"url\":\"/feed\",\"status\":\"304\",\"responseTime\":\"276.999\"}","timestamp":"2025-10-07T05:28:31.667Z"}
{"level":"\u001b[32minfo\u001b[39m","message":"{\"method\":\"GET\",\"url\":\"/feed\",\"status\":\"304\",\"responseTime\":\"302.983\"}","timestamp":"2025-10-07T05:28:31.978Z"}
{"level":"\u001b[32minfo\u001b[39m","message":"{\"method\":\"GET\",\"url\":\"/chats\",\"status\":\"304\",\"responseTime\":\"257.115\"}","timestamp":"2025-10-07T05:28:33.104Z"}
{"level":"\u001b[32minfo\u001b[39m","message":"{\"method\":\"GET\",\"url\":\"/connectionsWithoutChat\",\"status\":\"304\",\"responseTime\":\"306.619\"}","timestamp":"2025-10-07T05:28:33.161Z"}
{"level":"\u001b[32minfo\u001b[39m","message":"{\"method\":\"GET\",\"url\":\"/chats\",\"status\":\"304\",\"responseTime\":\"189.878\"}","timestamp":"2025-10-07T05:28:33.297Z"}
{"level":"\u001b[32minfo\u001b[39m","message":"{\"method\":\"GET\",\"url\":\"/connectionsWithoutChat\",\"status\":\"304\",\"responseTime\":\"245.864\"}","timestamp":"2025-10-07T05:28:33.410Z"}
{"level":"\u001b[32minfo\u001b[39m","message":"{\"method\":\"GET\",\"url\":\"/connectionsWithoutChat\",\"status\":\"304\",\"responseTime\":\"391.150\"}","timestamp":"2025-10-07T05:28:33.806Z"}
{"level":"\u001b[32minfo\u001b[39m","message":"{\"method\":\"GET\",\"url\":\"/connectionsWithoutChat\",\"status\":\"304\",\"responseTime\":\"441.374\"}","timestamp":"2025-10-07T05:28:34.252Z"}
{"level":"\u001b[32minfo\u001b[39m","message":"{\"method\":\"GET\",\"url\":\"/messages/68aa8a2a29b7a57d8d5a98f7?batch=1&limit=20\",\"status\":\"200\",\"responseTime\":\"278.357\"}","timestamp":"2025-10-07T05:28:36.250Z"}
{"level":"\u001b[32minfo\u001b[39m","message":"{\"method\":\"GET\",\"url\":\"/messages/68aa8a2a29b7a57d8d5a98f7?batch=1&limit=20\",\"status\":\"304\",\"responseTime\":\"346.697\"}","timestamp":"2025-10-07T05:28:36.602Z"}
{"level":"\u001b[32minfo\u001b[39m","message":"{\"method\":\"GET\",\"url\":\"/feed\",\"status\":\"304\",\"responseTime\":\"262.449\"}","timestamp":"2025-10-07T05:28:47.140Z"}
{"level":"\u001b[32minfo\u001b[39m","message":"{\"method\":\"GET\",\"url\":\"/feed\",\"status\":\"304\",\"responseTime\":\"269.005\"}","timestamp":"2025-10-07T05:28:47.413Z"}
{"level":"\u001b[32minfo\u001b[39m","message":"{\"method\":\"GET\",\"url\":\"/user/requests/received\",\"status\":\"304\",\"responseTime\":\"125.858\"}","timestamp":"2025-10-07T05:30:11.037Z"}
{"level":"\u001b[32minfo\u001b[39m","message":"{\"method\":\"GET\",\"url\":\"/user/requests/received\",\"status\":\"304\",\"responseTime\":\"115.613\"}","timestamp":"2025-10-07T05:30:11.157Z"}
{"level":"\u001b[32minfo\u001b[39m","message":"{\"method\":\"POST\",\"url\":\"/logout\",\"status\":\"200\",\"responseTime\":\"1.344\"}","timestamp":"2025-10-07T05:30:12.908Z"}
{"level":"\u001b[32minfo\u001b[39m","message":"{\"method\":\"GET\",\"url\":\"/auth/loggedInUser\",\"status\":\"401\",\"responseTime\":\"2.889\"}","timestamp":"2025-10-07T05:30:12.940Z"}
{"level":"\u001b[32minfo\u001b[39m","message":"{\"method\":\"OPTIONS\",\"url\":\"/signin\",\"status\":\"204\",\"responseTime\":\"3.206\"}","timestamp":"2025-10-08T06:19:30.485Z"}
{"level":"\u001b[32minfo\u001b[39m","message":"{\"method\":\"POST\",\"url\":\"/signin\",\"status\":\"200\",\"responseTime\":\"554.620\"}","timestamp":"2025-10-08T06:19:31.048Z"}
{"level":"\u001b[32minfo\u001b[39m","message":"{\"method\":\"GET\",\"url\":\"/feed\",\"status\":\"304\",\"responseTime\":\"296.383\"}","timestamp":"2025-10-08T06:19:31.361Z"}
{"level":"\u001b[32minfo\u001b[39m","message":"{\"method\":\"GET\",\"url\":\"/feed\",\"status\":\"304\",\"responseTime\":\"272.763\"}","timestamp":"2025-10-08T06:19:31.638Z"}
{"level":"\u001b[32minfo\u001b[39m","message":"{\"method\":\"GET\",\"url\":\"/feed\",\"status\":\"304\",\"responseTime\":\"279.899\"}","timestamp":"2025-10-08T06:19:31.923Z"}
{"level":"\u001b[32minfo\u001b[39m","message":"{\"method\":\"GET\",\"url\":\"/user/requests/received\",\"status\":\"304\",\"responseTime\":\"142.346\"}","timestamp":"2025-10-08T06:19:46.354Z"}
{"level":"\u001b[32minfo\u001b[39m","message":"{\"method\":\"GET\",\"url\":\"/user/requests/received\",\"status\":\"304\",\"responseTime\":\"122.187\"}","timestamp":"2025-10-08T06:19:46.479Z"}
{"level":"\u001b[32minfo\u001b[39m","message":"{\"method\":\"GET\",\"url\":\"/chats\",\"status\":\"200\",\"responseTime\":\"200.892\"}","timestamp":"2025-10-08T06:19:47.795Z"}
{"level":"\u001b[32minfo\u001b[39m","message":"{\"method\":\"GET\",\"url\":\"/connectionsWithoutChat\",\"status\":\"304\",\"responseTime\":\"273.617\"}","timestamp":"2025-10-08T06:19:47.862Z"}
{"level":"\u001b[32minfo\u001b[39m","message":"{\"method\":\"GET\",\"url\":\"/chats\",\"status\":\"304\",\"responseTime\":\"247.207\"}","timestamp":"2025-10-08T06:19:48.137Z"}
{"level":"\u001b[32minfo\u001b[39m","message":"{\"method\":\"GET\",\"url\":\"/connectionsWithoutChat\",\"status\":\"304\",\"responseTime\":\"303.706\"}","timestamp":"2025-10-08T06:19:48.198Z"}
{"level":"\u001b[32minfo\u001b[39m","message":"{\"method\":\"GET\",\"url\":\"/connectionsWithoutChat\",\"status\":\"304\",\"responseTime\":\"294.560\"}","timestamp":"2025-10-08T06:19:49.103Z"}
{"level":"\u001b[32minfo\u001b[39m","message":"{\"method\":\"GET\",\"url\":\"/connectionsWithoutChat\",\"status\":\"304\",\"responseTime\":\"277.725\"}","timestamp":"2025-10-08T06:19:49.388Z"}
{"level":"\u001b[32minfo\u001b[39m","message":"{\"method\":\"GET\",\"url\":\"/profile/view/68938bbccb8a6037ac7c1495\",\"status\":\"304\",\"responseTime\":\"156.088\"}","timestamp":"2025-10-08T06:19:49.786Z"}
{"level":"\u001b[32minfo\u001b[39m","message":"{\"method\":\"GET\",\"url\":\"/profile/view/68938bbccb8a6037ac7c1495\",\"status\":\"304\",\"responseTime\":\"131.073\"}","timestamp":"2025-10-08T06:19:49.924Z"}
